Build started 17.11.2015 18:42:23.
     1>Project "d:\GitHub\Helios\Helios_source\Helios\Helios.vcxproj" on node 2 (Build target(s)).
     1>Link:
         C:\Program Files (x86)\Microsoft Visual Studio 12.0\VC\bin\link.exe /ERRORREPORT:PROMPT /OUT:"D:\GitHub\Helios\Helios_source\\HeliosBuild\Heliso_debug.exe" /INCREMENTAL /NOLOGO d3d11.lib d3dcompiler.lib d3dx11d.lib d3dx9d.lib dxerr.lib dxguid.lib winmm.lib comctl32.lib assimp.lib "CEGUIBase-0_d.lib" "CEGUIDirect3D11Renderer-0_d.lib" kernel32.lib user32.lib gdi32.lib winspool.lib comdlg32.lib advapi32.lib shell32.lib ole32.lib oleaut32.lib uuid.lib odbc32.lib odbccp32.lib /MANIFEST /MANIFESTUAC:"level='asInvoker' uiAccess='false'" /manifest:embed /DEBUG /PDB:"D:\GitHub\Helios\Helios_source\\HeliosBuild\Heliso_debug.pdb" /SUBSYSTEM:WINDOWS /TLBID:1 /DYNAMICBASE /NXCOMPAT /IMPLIB:"D:\GitHub\Helios\Helios_source\\HeliosBuild\Heliso_debug.lib" /MACHINE:X86 Intermediate\Debug\TaskManager.obj
         Intermediate\Debug\DrawTask.obj
         Intermediate\Debug\DX11Draw.obj
         Intermediate\Debug\RenderManager.obj
         Intermediate\Debug\RenderObject.obj
         Intermediate\Debug\Engine.obj
         Intermediate\Debug\ECamera.obj
         Intermediate\Debug\FileServer.obj
         Intermediate\Debug\ParamItem.obj
         Intermediate\Debug\IGame.obj
         Intermediate\Debug\Shader.obj
         Intermediate\Debug\ShadersBank.obj
         Intermediate\Debug\Shape.obj
         Intermediate\Debug\ShapesBank.obj
         Intermediate\Debug\Texture.obj
         Intermediate\Debug\TexturesBank.obj
         Intermediate\Debug\UI.obj
         Intermediate\Debug\Camera.obj
         Intermediate\Debug\Entity.obj
         Intermediate\Debug\Game.obj
         Intermediate\Debug\Galaxy.obj
         Intermediate\Debug\Space.obj
         Intermediate\Debug\StarSystem.obj
         Intermediate\Debug\ObjectType.obj
         Intermediate\Debug\TypesBank.obj
         Intermediate\Debug\OrbiterType.obj
         Intermediate\Debug\StarType.obj
         Intermediate\Debug\Orbiter.obj
         Intermediate\Debug\OrbiterSimulation.obj
         Intermediate\Debug\PlainSimulation.obj
         Intermediate\Debug\StarSimulation.obj
         Intermediate\Debug\StarSystemSimulation.obj
         Intermediate\Debug\SpaceObjectBase.obj
         Intermediate\Debug\Star.obj
         Intermediate\Debug\Helios.obj
         Intermediate\Debug\Test.obj
         Helios.vcxproj -> D:\GitHub\Helios\Helios_source\\HeliosBuild\Heliso_debug.exe
     1>Done Building Project "d:\GitHub\Helios\Helios_source\Helios\Helios.vcxproj" (Build target(s)).

Build succeeded.

Time Elapsed 00:00:01.37
