C:\_-STUFF-_\PROJECT-HELIOS\HELIOS_SOURCE\HELIOS\INTERMEDIATE\RELEASE\UI.OBJ
C:\_-STUFF-_\PROJECT-HELIOS\HELIOS_SOURCE\HELIOS\INTERMEDIATE\RELEASE\CAMERA.OBJ
C:\_-STUFF-_\PROJECT-HELIOS\HELIOS_SOURCE\HELIOS\INTERMEDIATE\RELEASE\ENTITY.OBJ
C:\_-STUFF-_\PROJECT-HELIOS\HELIOS_SOURCE\HELIOS\INTERMEDIATE\RELEASE\GAME.OBJ
C:\_-STUFF-_\PROJECT-HELIOS\HELIOS_SOURCE\HELIOS\INTERMEDIATE\RELEASE\GALAXY.OBJ
C:\_-STUFF-_\PROJECT-HELIOS\HELIOS_SOURCE\HELIOS\INTERMEDIATE\RELEASE\SPACE.OBJ
C:\_-STUFF-_\PROJECT-HELIOS\HELIOS_SOURCE\HELIOS\INTERMEDIATE\RELEASE\STARSYSTEM.OBJ
C:\_-STUFF-_\PROJECT-HELIOS\HELIOS_SOURCE\HELIOS\INTERMEDIATE\RELEASE\OBJECTTYPE.OBJ
C:\_-STUFF-_\PROJECT-HELIOS\HELIOS_SOURCE\HELIOS\INTERMEDIATE\RELEASE\TYPESBANK.OBJ
C:\_-STUFF-_\PROJECT-HELIOS\HELIOS_SOURCE\HELIOS\INTERMEDIATE\RELEASE\ORBITERTYPE.OBJ
C:\_-STUFF-_\PROJECT-HELIOS\HELIOS_SOURCE\HELIOS\INTERMEDIATE\RELEASE\STARTYPE.OBJ
C:\_-STUFF-_\PROJECT-HELIOS\HELIOS_SOURCE\HELIOS\INTERMEDIATE\RELEASE\ORBITER.OBJ
C:\_-STUFF-_\PROJECT-HELIOS\HELIOS_SOURCE\HELIOS\INTERMEDIATE\RELEASE\ORBITERSIMULATION.OBJ
C:\_-STUFF-_\PROJECT-HELIOS\HELIOS_SOURCE\HELIOS\INTERMEDIATE\RELEASE\PLAINSIMULATION.OBJ
C:\_-STUFF-_\PROJECT-HELIOS\HELIOS_SOURCE\HELIOS\INTERMEDIATE\RELEASE\STARSIMULATION.OBJ
C:\_-STUFF-_\PROJECT-HELIOS\HELIOS_SOURCE\HELIOS\INTERMEDIATE\RELEASE\STARSYSTEMSIMULATION.OBJ
C:\_-STUFF-_\PROJECT-HELIOS\HELIOS_SOURCE\HELIOS\INTERMEDIATE\RELEASE\SPACEOBJECTBASE.OBJ
C:\_-STUFF-_\PROJECT-HELIOS\HELIOS_SOURCE\HELIOS\INTERMEDIATE\RELEASE\STAR.OBJ
C:\_-STUFF-_\PROJECT-HELIOS\HELIOS_SOURCE\HELIOS\INTERMEDIATE\RELEASE\HELIOS.OBJ
C:\_-STUFF-_\PROJECT-HELIOS\HELIOS_SOURCE\HELIOS\INTERMEDIATE\RELEASE\TEST.OBJ
C:\_-STUFF-_\PROJECT-HELIOS\HELIOS_SOURCE\HELIOS\INTERMEDIATE\RELEASE\TASKMANAGER.OBJ
C:\_-STUFF-_\PROJECT-HELIOS\HELIOS_SOURCE\HELIOS\INTERMEDIATE\RELEASE\DRAWTASK.OBJ
C:\_-STUFF-_\PROJECT-HELIOS\HELIOS_SOURCE\HELIOS\INTERMEDIATE\RELEASE\DX11DRAW.OBJ
C:\_-STUFF-_\PROJECT-HELIOS\HELIOS_SOURCE\HELIOS\INTERMEDIATE\RELEASE\RENDERMANAGER.OBJ
C:\_-STUFF-_\PROJECT-HELIOS\HELIOS_SOURCE\HELIOS\INTERMEDIATE\RELEASE\RENDEROBJECT.OBJ
C:\_-STUFF-_\PROJECT-HELIOS\HELIOS_SOURCE\HELIOS\INTERMEDIATE\RELEASE\ENGINE.OBJ
C:\_-STUFF-_\PROJECT-HELIOS\HELIOS_SOURCE\HELIOS\INTERMEDIATE\RELEASE\ECAMERA.OBJ
C:\_-STUFF-_\PROJECT-HELIOS\HELIOS_SOURCE\HELIOS\INTERMEDIATE\RELEASE\FILESERVER.OBJ
C:\_-STUFF-_\PROJECT-HELIOS\HELIOS_SOURCE\HELIOS\INTERMEDIATE\RELEASE\PARAMITEM.OBJ
C:\_-STUFF-_\PROJECT-HELIOS\HELIOS_SOURCE\HELIOS\INTERMEDIATE\RELEASE\IGAME.OBJ
C:\_-STUFF-_\PROJECT-HELIOS\HELIOS_SOURCE\HELIOS\INTERMEDIATE\RELEASE\SHADER.OBJ
C:\_-STUFF-_\PROJECT-HELIOS\HELIOS_SOURCE\HELIOS\INTERMEDIATE\RELEASE\SHADERSBANK.OBJ
C:\_-STUFF-_\PROJECT-HELIOS\HELIOS_SOURCE\HELIOS\INTERMEDIATE\RELEASE\SHAPE.OBJ
C:\_-STUFF-_\PROJECT-HELIOS\HELIOS_SOURCE\HELIOS\INTERMEDIATE\RELEASE\SHAPESBANK.OBJ
C:\_-STUFF-_\PROJECT-HELIOS\HELIOS_SOURCE\HELIOS\INTERMEDIATE\RELEASE\TEXTURE.OBJ
C:\_-STUFF-_\PROJECT-HELIOS\HELIOS_SOURCE\HELIOS\INTERMEDIATE\RELEASE\TEXTURESBANK.OBJ
C:\_-STUFF-_\PROJECT-HELIOS\HELIOS_SOURCE\HELIOS\INTERMEDIATE\RELEASE\VC110.PDB
C:\_-Stuff-_\project-Helios\Helios_source\Helios\Intermediate\Release\Camera.obj
C:\_-Stuff-_\project-Helios\Helios_source\Helios\Intermediate\Release\DrawTask.obj
C:\_-Stuff-_\project-Helios\Helios_source\Helios\Intermediate\Release\DX11Draw.obj
C:\_-Stuff-_\project-Helios\Helios_source\Helios\Intermediate\Release\ECamera.obj
C:\_-Stuff-_\project-Helios\Helios_source\Helios\Intermediate\Release\Engine.obj
C:\_-Stuff-_\project-Helios\Helios_source\Helios\Intermediate\Release\Entity.obj
C:\_-Stuff-_\project-Helios\Helios_source\Helios\Intermediate\Release\FileServer.obj
C:\_-Stuff-_\project-Helios\Helios_source\Helios\Intermediate\Release\Galaxy.obj
C:\_-Stuff-_\project-Helios\Helios_source\Helios\Intermediate\Release\Game.obj
C:\_-Stuff-_\project-Helios\Helios_source\Helios\Intermediate\Release\Helios.obj
C:\_-Stuff-_\project-Helios\Helios_source\Helios\Intermediate\Release\IGame.obj
C:\_-Stuff-_\project-Helios\Helios_source\Helios\Intermediate\Release\ObjectType.obj
C:\_-Stuff-_\project-Helios\Helios_source\Helios\Intermediate\Release\Orbiter.obj
C:\_-Stuff-_\project-Helios\Helios_source\Helios\Intermediate\Release\OrbiterSimulation.obj
C:\_-Stuff-_\project-Helios\Helios_source\Helios\Intermediate\Release\OrbiterType.obj
C:\_-Stuff-_\project-Helios\Helios_source\Helios\Intermediate\Release\ParamItem.obj
C:\_-Stuff-_\project-Helios\Helios_source\Helios\Intermediate\Release\PlainSimulation.obj
C:\_-Stuff-_\project-Helios\Helios_source\Helios\Intermediate\Release\RenderManager.obj
C:\_-Stuff-_\project-Helios\Helios_source\Helios\Intermediate\Release\RenderObject.obj
C:\_-Stuff-_\project-Helios\Helios_source\Helios\Intermediate\Release\Shader.obj
C:\_-Stuff-_\project-Helios\Helios_source\Helios\Intermediate\Release\ShadersBank.obj
C:\_-Stuff-_\project-Helios\Helios_source\Helios\Intermediate\Release\Shape.obj
C:\_-Stuff-_\project-Helios\Helios_source\Helios\Intermediate\Release\ShapesBank.obj
C:\_-Stuff-_\project-Helios\Helios_source\Helios\Intermediate\Release\Space.obj
C:\_-Stuff-_\project-Helios\Helios_source\Helios\Intermediate\Release\SpaceObjectBase.obj
C:\_-Stuff-_\project-Helios\Helios_source\Helios\Intermediate\Release\Star.obj
C:\_-Stuff-_\project-Helios\Helios_source\Helios\Intermediate\Release\StarSimulation.obj
C:\_-Stuff-_\project-Helios\Helios_source\Helios\Intermediate\Release\StarSystem.obj
C:\_-Stuff-_\project-Helios\Helios_source\Helios\Intermediate\Release\StarSystemSimulation.obj
C:\_-Stuff-_\project-Helios\Helios_source\Helios\Intermediate\Release\StarType.obj
C:\_-Stuff-_\project-Helios\Helios_source\Helios\Intermediate\Release\TaskManager.obj
C:\_-Stuff-_\project-Helios\Helios_source\Helios\Intermediate\Release\Test.obj
C:\_-Stuff-_\project-Helios\Helios_source\Helios\Intermediate\Release\Texture.obj
C:\_-Stuff-_\project-Helios\Helios_source\Helios\Intermediate\Release\TexturesBank.obj
C:\_-Stuff-_\project-Helios\Helios_source\Helios\Intermediate\Release\TypesBank.obj
C:\_-Stuff-_\project-Helios\Helios_source\Helios\Intermediate\Release\UI.obj
C:\_-Stuff-_\project-Helios\Helios_source\Helios\Intermediate\Release\cl.command.1.tlog
C:\_-Stuff-_\project-Helios\Helios_source\Helios\Intermediate\Release\CL.read.1.tlog
C:\_-Stuff-_\project-Helios\Helios_source\Helios\Intermediate\Release\CL.write.1.tlog
C:\_-Stuff-_\project-Helios\Helios_source\Helios\Intermediate\Release\link.command.1.tlog
C:\_-Stuff-_\project-Helios\Helios_source\Helios\Intermediate\Release\link.read.1.tlog
C:\_-Stuff-_\project-Helios\Helios_source\Helios\Intermediate\Release\link.write.1.tlog
C:\_-Stuff-_\project-Helios\Helios_source\Helios\Intermediate\Release\vc110.idb
C:\_-Stuff-_\project-Helios\Helios_source\Helios\Intermediate\Release\vc110.pdb
