Build started 22.3.2015 21:09:49.
     1>Project "C:\_-Stuff-_\project-Helios\Helios_source\Helios\Helios.vcxproj" on node 2 (Rebuild target(s)).
     1>ClCompile:
         C:\Program Files (x86)\Microsoft Visual Studio 11.0\VC\bin\CL.exe /c /IDXUT\Core /IDXUT\Optional /ILibs\Boost /ILibs /ILibs\Assimp\include /ILibs\Boost\stage\lib /ILibs\CEGUI\include /ILibs\CEGUI\include\build /Zi /nologo /W3 /WX- /Ox /Oi /Oy- /GL /D WIN32 /D NDEBUG /D _WINDOWS /D D3DXFX_LARGEADDRESS_HANDLE /D _XM_NO_INTRINSICS_ /D _UNICODE /D UNICODE /Gm /EHsc /MD /GS /Gy /fp:precise /Zc:wchar_t /Zc:forScope /Fo"Intermediate\Release\\" /Fd"Intermediate\Release\vc110.pdb" /Gd /TP /wd4005 /wd4996 /analyze- /errorReport:prompt Elementary\TaskManager\TaskManager.cpp Engine\DX11Draw\DrawTask.cpp Engine\DX11Draw\DX11Draw.cpp Engine\DX11Draw\RenderManager.cpp Engine\DX11Draw\RenderObject.cpp Engine\Engine.cpp Engine\EngineCamera\ECamera.cpp Engine\FileServer\FileServer.cpp Engine\FileServer\ParamItem.cpp Engine\IGame.cpp Engine\Shaders\Shader.cpp Engine\Shaders\ShadersBank.cpp Engine\Shapes\Shape.cpp Engine\Shapes\ShapesBank.cpp Engine\Textures\Texture.cpp Engine\Textures\TexturesBank.cpp Engine\UI\UI.cpp Game\Camera\Camera.cpp Game\Entity.cpp Game\Game.cpp Game\SpaceDivisions\Galaxy.cpp Game\SpaceDivisions\Space.cpp Game\SpaceDivisions\StarSystem.cpp Game\SpaceObjects\ObjectTypes\ObjectType.cpp Game\SpaceObjects\ObjectTypes\TypesBank.cpp Game\SpaceObjects\ObjectTypes\OrbiterType.cpp Game\SpaceObjects\ObjectTypes\StarType.cpp Game\SpaceObjects\Orbiter.cpp Game\SpaceObjects\SimulationMovementTypes\OrbiterSimulation.cpp Game\SpaceObjects\SimulationMovementTypes\PlainSimulation.cpp Game\SpaceObjects\SimulationMovementTypes\StarSimulation.cpp Game\SpaceObjects\SimulationMovementTypes\StarSystemSimulation.cpp Game\SpaceObjects\SpaceObjectBase.cpp Game\SpaceObjects\Star.cpp Helios.cpp Test\Test.cpp
         Test.cpp
         Helios.cpp
         Star.cpp
         SpaceObjectBase.cpp
         StarSystemSimulation.cpp
         StarSimulation.cpp
         PlainSimulation.cpp
         OrbiterSimulation.cpp
         Orbiter.cpp
         StarType.cpp
         OrbiterType.cpp
         TypesBank.cpp
         ObjectType.cpp
         StarSystem.cpp
         Space.cpp
         Galaxy.cpp
         Game.cpp
         Entity.cpp
         Camera.cpp
         UI.cpp
         Macro definition of max detected - undefining
         Macro definition of min detected - undefining
         Compiling...
         TexturesBank.cpp
         Texture.cpp
         ShapesBank.cpp
         Shape.cpp
         ShadersBank.cpp
         Shader.cpp
         IGame.cpp
         ParamItem.cpp
         FileServer.cpp
         ECamera.cpp
         Engine.cpp
         Macro definition of max detected - undefining
         Macro definition of min detected - undefining
         RenderObject.cpp
         RenderManager.cpp
         DX11Draw.cpp
         Macro definition of max detected - undefining
         Macro definition of min detected - undefining
         DrawTask.cpp
         TaskManager.cpp
       Link:
         C:\Program Files (x86)\Microsoft Visual Studio 11.0\VC\bin\link.exe /ERRORREPORT:PROMPT /OUT:"C:\_-Stuff-_\project-Helios\Helios_source\\HeliosBuild\Helios_release.exe" /INCREMENTAL:NO /NOLOGO d3d11.lib d3dcompiler.lib d3dx11.lib d3dx9.lib dxerr.lib dxguid.lib winmm.lib comctl32.lib assimp.lib "CEGUIBase-0.lib" "CEGUIDirect3D11Renderer-0.lib" kernel32.lib user32.lib gdi32.lib winspool.lib comdlg32.lib advapi32.lib shell32.lib ole32.lib oleaut32.lib uuid.lib odbc32.lib odbccp32.lib /MANIFEST /MANIFESTUAC:"level='asInvoker' uiAccess='false'" /manifest:embed /DEBUG /PDB:"C:\_-Stuff-_\project-Helios\Helios_source\\HeliosBuild\Helios_release.pdb" /SUBSYSTEM:WINDOWS /OPT:REF /OPT:ICF /LTCG /TLBID:1 /DYNAMICBASE /NXCOMPAT /IMPLIB:"C:\_-Stuff-_\project-Helios\Helios_source\\HeliosBuild\Helios_release.lib" /MACHINE:X86 /SAFESEH Intermediate\Release\TaskManager.obj
         Intermediate\Release\DrawTask.obj
         Intermediate\Release\DX11Draw.obj
         Intermediate\Release\RenderManager.obj
         Intermediate\Release\RenderObject.obj
         Intermediate\Release\Engine.obj
         Intermediate\Release\ECamera.obj
         Intermediate\Release\FileServer.obj
         Intermediate\Release\ParamItem.obj
         Intermediate\Release\IGame.obj
         Intermediate\Release\Shader.obj
         Intermediate\Release\ShadersBank.obj
         Intermediate\Release\Shape.obj
         Intermediate\Release\ShapesBank.obj
         Intermediate\Release\Texture.obj
         Intermediate\Release\TexturesBank.obj
         Intermediate\Release\UI.obj
         Intermediate\Release\Camera.obj
         Intermediate\Release\Entity.obj
         Intermediate\Release\Game.obj
         Intermediate\Release\Galaxy.obj
         Intermediate\Release\Space.obj
         Intermediate\Release\StarSystem.obj
         Intermediate\Release\ObjectType.obj
         Intermediate\Release\TypesBank.obj
         Intermediate\Release\OrbiterType.obj
         Intermediate\Release\StarType.obj
         Intermediate\Release\Orbiter.obj
         Intermediate\Release\OrbiterSimulation.obj
         Intermediate\Release\PlainSimulation.obj
         Intermediate\Release\StarSimulation.obj
         Intermediate\Release\StarSystemSimulation.obj
         Intermediate\Release\SpaceObjectBase.obj
         Intermediate\Release\Star.obj
         Intermediate\Release\Helios.obj
         Intermediate\Release\Test.obj
     1>PlainSimulation.obj : error LNK2001: unresolved external symbol "public: void __thiscall Helios::Entity::Asd(void)" (?Asd@Entity@Helios@@QAEXXZ)
     1>C:\_-Stuff-_\project-Helios\Helios_source\\HeliosBuild\Helios_release.exe : fatal error LNK1120: 1 unresolved externals
     1>Done Building Project "C:\_-Stuff-_\project-Helios\Helios_source\Helios\Helios.vcxproj" (Rebuild target(s)) -- FAILED.

Build FAILED.

Time Elapsed 00:01:37.19
