Build started 30. 7. 2015 15:55:06.
     1>Project "d:\GitHub\Helios\Helios_source\Helios\Helios.vcxproj" on node 2 (Rebuild target(s)).
     1>ClCompile:
         C:\Program Files (x86)\Microsoft Visual Studio 12.0\VC\bin\CL.exe /c /IDXUT\Core /IDXUT\Optional /ILibs\Boost /ILibs /ILibs\Assimp\include /ILibs\Boost\stage\lib /ILibs\CEGUI\include /ILibs\CEGUI\include\build /Zi /nologo /W3 /WX- /Ox /Oi /Oy- /GL /D CODE_ANALYSIS /D WIN32 /D NDEBUG /D _WINDOWS /D D3DXFX_LARGEADDRESS_HANDLE /D _XM_NO_INTRINSICS_ /D _UNICODE /D UNICODE /Gm /EHsc /MD /GS /Gy /fp:precise /Zc:wchar_t /Zc:forScope /Fo"Intermediate\Release\\" /Fd"Intermediate\Release\vc120.pdb" /Gd /TP /wd4005 /wd4996 /analyze /errorReport:prompt   /analyze:quiet Elementary\TaskManager\TaskManager.cpp Engine\DX11Draw\DrawTask.cpp Engine\DX11Draw\DX11Draw.cpp Engine\DX11Draw\RenderManager.cpp Engine\DX11Draw\RenderObject.cpp Engine\Engine.cpp Engine\EngineCamera\ECamera.cpp Engine\FileServer\FileServer.cpp Engine\FileServer\ParamItem.cpp Engine\IGame.cpp Engine\Shaders\Shader.cpp Engine\Shaders\ShadersBank.cpp Engine\Shapes\Shape.cpp Engine\Shapes\ShapesBank.cpp Engine\Textures\Texture.cpp Engine\Textures\TexturesBank.cpp Engine\UI\UI.cpp Game\Camera\Camera.cpp Game\Entity.cpp Game\Game.cpp Game\SpaceDivisions\Galaxy.cpp Game\SpaceDivisions\Space.cpp Game\SpaceDivisions\StarSystem.cpp Game\SpaceObjects\ObjectTypes\ObjectType.cpp Game\SpaceObjects\ObjectTypes\TypesBank.cpp Game\SpaceObjects\ObjectTypes\OrbiterType.cpp Game\SpaceObjects\ObjectTypes\StarType.cpp Game\SpaceObjects\Orbiter.cpp Game\SpaceObjects\SimulationMovementTypes\OrbiterSimulation.cpp Game\SpaceObjects\SimulationMovementTypes\PlainSimulation.cpp Game\SpaceObjects\SimulationMovementTypes\StarSimulation.cpp Game\SpaceObjects\SimulationMovementTypes\StarSystemSimulation.cpp Game\SpaceObjects\SpaceObjectBase.cpp Game\SpaceObjects\Star.cpp Helios.cpp Test\Test.cpp
         Test.cpp
         Helios.cpp
         Star.cpp
         SpaceObjectBase.cpp
         StarSystemSimulation.cpp
         StarSimulation.cpp
         PlainSimulation.cpp
         OrbiterSimulation.cpp
         Orbiter.cpp
         StarType.cpp
         OrbiterType.cpp
         TypesBank.cpp
         ObjectType.cpp
         StarSystem.cpp
         Space.cpp
         Galaxy.cpp
         Game.cpp
         Entity.cpp
         Camera.cpp
         UI.cpp
         Macro definition of max detected - undefining
         Macro definition of min detected - undefining
         Running Code Analysis for C/C++...
         Compiling...
         TexturesBank.cpp
         Texture.cpp
         ShapesBank.cpp
         Shape.cpp
         ShadersBank.cpp
         Shader.cpp
         IGame.cpp
         ParamItem.cpp
         FileServer.cpp
         ECamera.cpp
         Engine.cpp
         Macro definition of max detected - undefining
         Macro definition of min detected - undefining
         RenderObject.cpp
         RenderManager.cpp
         DX11Draw.cpp
         Macro definition of max detected - undefining
         Macro definition of min detected - undefining
         DrawTask.cpp
         TaskManager.cpp
         Running Code Analysis for C/C++...
       Link:
         C:\Program Files (x86)\Microsoft Visual Studio 12.0\VC\bin\link.exe /ERRORREPORT:PROMPT /OUT:"D:\GitHub\Helios\Helios_source\\HeliosBuild\Helios_release.exe" /INCREMENTAL:NO /NOLOGO d3d11.lib d3dcompiler.lib d3dx11.lib d3dx9.lib dxerr.lib dxguid.lib winmm.lib comctl32.lib assimp.lib "CEGUIBase-0.lib" "CEGUIDirect3D11Renderer-0.lib" kernel32.lib user32.lib gdi32.lib winspool.lib comdlg32.lib advapi32.lib shell32.lib ole32.lib oleaut32.lib uuid.lib odbc32.lib odbccp32.lib /MANIFEST /MANIFESTUAC:"level='asInvoker' uiAccess='false'" /manifest:embed /DEBUG /PDB:"D:\GitHub\Helios\Helios_source\\HeliosBuild\Helios_release.pdb" /SUBSYSTEM:WINDOWS /OPT:REF /OPT:ICF /LTCG /TLBID:1 /DYNAMICBASE /NXCOMPAT /IMPLIB:"D:\GitHub\Helios\Helios_source\\HeliosBuild\Helios_release.lib" /MACHINE:X86 /SAFESEH Intermediate\Release\TaskManager.obj
         Intermediate\Release\DrawTask.obj
         Intermediate\Release\DX11Draw.obj
         Intermediate\Release\RenderManager.obj
         Intermediate\Release\RenderObject.obj
         Intermediate\Release\Engine.obj
         Intermediate\Release\ECamera.obj
         Intermediate\Release\FileServer.obj
         Intermediate\Release\ParamItem.obj
         Intermediate\Release\IGame.obj
         Intermediate\Release\Shader.obj
         Intermediate\Release\ShadersBank.obj
         Intermediate\Release\Shape.obj
         Intermediate\Release\ShapesBank.obj
         Intermediate\Release\Texture.obj
         Intermediate\Release\TexturesBank.obj
         Intermediate\Release\UI.obj
         Intermediate\Release\Camera.obj
         Intermediate\Release\Entity.obj
         Intermediate\Release\Game.obj
         Intermediate\Release\Galaxy.obj
         Intermediate\Release\Space.obj
         Intermediate\Release\StarSystem.obj
         Intermediate\Release\ObjectType.obj
         Intermediate\Release\TypesBank.obj
         Intermediate\Release\OrbiterType.obj
         Intermediate\Release\StarType.obj
         Intermediate\Release\Orbiter.obj
         Intermediate\Release\OrbiterSimulation.obj
         Intermediate\Release\PlainSimulation.obj
         Intermediate\Release\StarSimulation.obj
         Intermediate\Release\StarSystemSimulation.obj
         Intermediate\Release\SpaceObjectBase.obj
         Intermediate\Release\Star.obj
         Intermediate\Release\Helios.obj
         Intermediate\Release\Test.obj
         Generating code
         Finished generating code
         Helios.vcxproj -> D:\GitHub\Helios\Helios_source\\HeliosBuild\Helios_release.exe
     1>c:\program files (x86)\microsoft directx sdk (june 2010)\include\xnamathconvert.inl(119): warning C28251: Inconsistent annotation for 'XMConvertHalfToFloatStream': this instance has no annotations. See c:\program files (x86)\microsoft directx sdk (june 2010)\include\xnamath.h(1901). 
     1>c:\program files (x86)\microsoft directx sdk (june 2010)\include\xnamathconvert.inl(119): warning C6101: Returning uninitialized memory '*pOutputStream'.  A successful path through the function does not set the named _Out_ parameter. 
     1>c:\program files (x86)\microsoft directx sdk (june 2010)\include\xnamathconvert.inl(194): warning C28251: Inconsistent annotation for 'XMConvertFloatToHalfStream': this instance has no annotations. See c:\program files (x86)\microsoft directx sdk (june 2010)\include\xnamath.h(1906). 
     1>c:\program files (x86)\microsoft directx sdk (june 2010)\include\xnamathconvert.inl(194): warning C6101: Returning uninitialized memory '*pOutputStream'.  A successful path through the function does not set the named _Out_ parameter. 
     1>c:\program files (x86)\microsoft directx sdk (june 2010)\include\xnamathconvert.inl(419): warning C28251: Inconsistent annotation for 'XMLoadInt': this instance has no annotations. See c:\program files (x86)\microsoft directx sdk (june 2010)\include\xnamath.h(1924). 
     1>c:\program files (x86)\microsoft directx sdk (june 2010)\include\xnamathconvert.inl(442): warning C28251: Inconsistent annotation for 'XMLoadFloat': this instance has no annotations. See c:\program files (x86)\microsoft directx sdk (june 2010)\include\xnamath.h(1925). 
     1>c:\program files (x86)\microsoft directx sdk (june 2010)\include\xnamathconvert.inl(465): warning C28251: Inconsistent annotation for 'XMLoadInt2': this instance has no annotations. See c:\program files (x86)\microsoft directx sdk (june 2010)\include\xnamath.h(1927). 
     1>c:\program files (x86)\microsoft directx sdk (june 2010)\include\xnamathconvert.inl(493): warning C28251: Inconsistent annotation for 'XMLoadInt2A': this instance has no annotations. See c:\program files (x86)\microsoft directx sdk (june 2010)\include\xnamath.h(1928). 
     1>c:\program files (x86)\microsoft directx sdk (june 2010)\include\xnamathconvert.inl(524): warning C28251: Inconsistent annotation for 'XMLoadFloat2': this instance has no annotations. See c:\program files (x86)\microsoft directx sdk (june 2010)\include\xnamath.h(1929). 
     1>c:\program files (x86)\microsoft directx sdk (june 2010)\include\xnamathconvert.inl(548): warning C28251: Inconsistent annotation for 'XMLoadFloat2A': this instance has no annotations. See c:\program files (x86)\microsoft directx sdk (june 2010)\include\xnamath.h(1930). 
     1>c:\program files (x86)\microsoft directx sdk (june 2010)\include\xnamathconvert.inl(577): warning C28251: Inconsistent annotation for 'XMLoadHalf2': this instance has no annotations. See c:\program files (x86)\microsoft directx sdk (june 2010)\include\xnamath.h(1931). 
     1>c:\program files (x86)\microsoft directx sdk (june 2010)\include\xnamathconvert.inl(609): warning C28251: Inconsistent annotation for 'XMLoadShortN2': this instance has no annotations. See c:\program files (x86)\microsoft directx sdk (june 2010)\include\xnamath.h(1932). 
     1>c:\program files (x86)\microsoft directx sdk (june 2010)\include\xnamathconvert.inl(651): warning C28251: Inconsistent annotation for 'XMLoadShort2': this instance has no annotations. See c:\program files (x86)\microsoft directx sdk (june 2010)\include\xnamath.h(1933). 
     1>c:\program files (x86)\microsoft directx sdk (june 2010)\include\xnamathconvert.inl(692): warning C28251: Inconsistent annotation for 'XMLoadUShortN2': this instance has no annotations. See c:\program files (x86)\microsoft directx sdk (june 2010)\include\xnamath.h(1934). 
     1>c:\program files (x86)\microsoft directx sdk (june 2010)\include\xnamathconvert.inl(732): warning C28251: Inconsistent annotation for 'XMLoadUShort2': this instance has no annotations. See c:\program files (x86)\microsoft directx sdk (june 2010)\include\xnamath.h(1935). 
     1>c:\program files (x86)\microsoft directx sdk (june 2010)\include\xnamathconvert.inl(771): warning C28251: Inconsistent annotation for 'XMLoadInt3': this instance has no annotations. See c:\program files (x86)\microsoft directx sdk (june 2010)\include\xnamath.h(1937). 
     1>c:\program files (x86)\microsoft directx sdk (june 2010)\include\xnamathconvert.inl(807): warning C28251: Inconsistent annotation for 'XMLoadInt3A': this instance has no annotations. See c:\program files (x86)\microsoft directx sdk (june 2010)\include\xnamath.h(1938). 
     1>c:\program files (x86)\microsoft directx sdk (june 2010)\include\xnamathconvert.inl(838): warning C28251: Inconsistent annotation for 'XMLoadFloat3': this instance has no annotations. See c:\program files (x86)\microsoft directx sdk (june 2010)\include\xnamath.h(1939). 
     1>c:\program files (x86)\microsoft directx sdk (june 2010)\include\xnamathconvert.inl(872): warning C28251: Inconsistent annotation for 'XMLoadFloat3A': this instance has no annotations. See c:\program files (x86)\microsoft directx sdk (june 2010)\include\xnamath.h(1940). 
     1>c:\program files (x86)\microsoft directx sdk (june 2010)\include\xnamathconvert.inl(902): warning C28251: Inconsistent annotation for 'XMLoadUHenDN3': this instance has no annotations. See c:\program files (x86)\microsoft directx sdk (june 2010)\include\xnamath.h(1943). 
     1>c:\program files (x86)\microsoft directx sdk (june 2010)\include\xnamathconvert.inl(945): warning C28251: Inconsistent annotation for 'XMLoadUHenD3': this instance has no annotations. See c:\program files (x86)\microsoft directx sdk (june 2010)\include\xnamath.h(1944). 
     1>c:\program files (x86)\microsoft directx sdk (june 2010)\include\xnamathconvert.inl(987): warning C28251: Inconsistent annotation for 'XMLoadHenDN3': this instance has no annotations. See c:\program files (x86)\microsoft directx sdk (june 2010)\include\xnamath.h(1941). 
     1>c:\program files (x86)\microsoft directx sdk (june 2010)\include\xnamathconvert.inl(1038): warning C28251: Inconsistent annotation for 'XMLoadHenD3': this instance has no annotations. See c:\program files (x86)\microsoft directx sdk (june 2010)\include\xnamath.h(1942). 
     1>c:\program files (x86)\microsoft directx sdk (june 2010)\include\xnamathconvert.inl(1088): warning C28251: Inconsistent annotation for 'XMLoadUDHenN3': this instance has no annotations. See c:\program files (x86)\microsoft directx sdk (june 2010)\include\xnamath.h(1947). 
     1>c:\program files (x86)\microsoft directx sdk (june 2010)\include\xnamathconvert.inl(1131): warning C28251: Inconsistent annotation for 'XMLoadUDHen3': this instance has no annotations. See c:\program files (x86)\microsoft directx sdk (june 2010)\include\xnamath.h(1948). 
     1>c:\program files (x86)\microsoft directx sdk (june 2010)\include\xnamathconvert.inl(1173): warning C28251: Inconsistent annotation for 'XMLoadDHenN3': this instance has no annotations. See c:\program files (x86)\microsoft directx sdk (june 2010)\include\xnamath.h(1945). 
     1>c:\program files (x86)\microsoft directx sdk (june 2010)\include\xnamathconvert.inl(1224): warning C28251: Inconsistent annotation for 'XMLoadDHen3': this instance has no annotations. See c:\program files (x86)\microsoft directx sdk (june 2010)\include\xnamath.h(1946). 
     1>c:\program files (x86)\microsoft directx sdk (june 2010)\include\xnamathconvert.inl(1274): warning C28251: Inconsistent annotation for 'XMLoadU565': this instance has no annotations. See c:\program files (x86)\microsoft directx sdk (june 2010)\include\xnamath.h(1949). 
     1>c:\program files (x86)\microsoft directx sdk (june 2010)\include\xnamathconvert.inl(1311): warning C28251: Inconsistent annotation for 'XMLoadFloat3PK': this instance has no annotations. See c:\program files (x86)\microsoft directx sdk (june 2010)\include\xnamath.h(1950). 
     1>c:\program files (x86)\microsoft directx sdk (june 2010)\include\xnamathconvert.inl(1429): warning C28251: Inconsistent annotation for 'XMLoadFloat3SE': this instance has no annotations. See c:\program files (x86)\microsoft directx sdk (june 2010)\include\xnamath.h(1951). 
     1>c:\program files (x86)\microsoft directx sdk (june 2010)\include\xnamathconvert.inl(1538): warning C28251: Inconsistent annotation for 'XMLoadInt4': this instance has no annotations. See c:\program files (x86)\microsoft directx sdk (june 2010)\include\xnamath.h(1953). 
     1>c:\program files (x86)\microsoft directx sdk (june 2010)\include\xnamathconvert.inl(1569): warning C28251: Inconsistent annotation for 'XMLoadInt4A': this instance has no annotations. See c:\program files (x86)\microsoft directx sdk (june 2010)\include\xnamath.h(1954). 
     1>c:\program files (x86)\microsoft directx sdk (june 2010)\include\xnamathconvert.inl(1602): warning C28251: Inconsistent annotation for 'XMLoadFloat4': this instance has no annotations. See c:\program files (x86)\microsoft directx sdk (june 2010)\include\xnamath.h(1955). 
     1>c:\program files (x86)\microsoft directx sdk (june 2010)\include\xnamathconvert.inl(1626): warning C28251: Inconsistent annotation for 'XMLoadFloat4A': this instance has no annotations. See c:\program files (x86)\microsoft directx sdk (june 2010)\include\xnamath.h(1956). 
     1>c:\program files (x86)\microsoft directx sdk (june 2010)\include\xnamathconvert.inl(1658): warning C28251: Inconsistent annotation for 'XMLoadHalf4': this instance has no annotations. See c:\program files (x86)\microsoft directx sdk (june 2010)\include\xnamath.h(1957). 
     1>c:\program files (x86)\microsoft directx sdk (june 2010)\include\xnamathconvert.inl(1689): warning C28251: Inconsistent annotation for 'XMLoadShortN4': this instance has no annotations. See c:\program files (x86)\microsoft directx sdk (june 2010)\include\xnamath.h(1958). 
     1>c:\program files (x86)\microsoft directx sdk (june 2010)\include\xnamathconvert.inl(1736): warning C28251: Inconsistent annotation for 'XMLoadShort4': this instance has no annotations. See c:\program files (x86)\microsoft directx sdk (june 2010)\include\xnamath.h(1959). 
     1>c:\program files (x86)\microsoft directx sdk (june 2010)\include\xnamathconvert.inl(1784): warning C28251: Inconsistent annotation for 'XMLoadUShortN4': this instance has no annotations. See c:\program files (x86)\microsoft directx sdk (june 2010)\include\xnamath.h(1960). 
     1>c:\program files (x86)\microsoft directx sdk (june 2010)\include\xnamathconvert.inl(1827): warning C28251: Inconsistent annotation for 'XMLoadUShort4': this instance has no annotations. See c:\program files (x86)\microsoft directx sdk (june 2010)\include\xnamath.h(1961). 
     1>c:\program files (x86)\microsoft directx sdk (june 2010)\include\xnamathconvert.inl(1869): warning C28251: Inconsistent annotation for 'XMLoadXIcoN4': this instance has no annotations. See c:\program files (x86)\microsoft directx sdk (june 2010)\include\xnamath.h(1962). 
     1>c:\program files (x86)\microsoft directx sdk (june 2010)\include\xnamathconvert.inl(1926): warning C28251: Inconsistent annotation for 'XMLoadXIco4': this instance has no annotations. See c:\program files (x86)\microsoft directx sdk (june 2010)\include\xnamath.h(1963). 
     1>c:\program files (x86)\microsoft directx sdk (june 2010)\include\xnamathconvert.inl(1982): warning C28251: Inconsistent annotation for 'XMLoadUIcoN4': this instance has no annotations. See c:\program files (x86)\microsoft directx sdk (june 2010)\include\xnamath.h(1966). 
     1>c:\program files (x86)\microsoft directx sdk (june 2010)\include\xnamathconvert.inl(2028): warning C28251: Inconsistent annotation for 'XMLoadUIco4': this instance has no annotations. See c:\program files (x86)\microsoft directx sdk (june 2010)\include\xnamath.h(1967). 
     1>c:\program files (x86)\microsoft directx sdk (june 2010)\include\xnamathconvert.inl(2073): warning C28251: Inconsistent annotation for 'XMLoadIcoN4': this instance has no annotations. See c:\program files (x86)\microsoft directx sdk (june 2010)\include\xnamath.h(1964). 
     1>c:\program files (x86)\microsoft directx sdk (june 2010)\include\xnamathconvert.inl(2126): warning C28251: Inconsistent annotation for 'XMLoadIco4': this instance has no annotations. See c:\program files (x86)\microsoft directx sdk (june 2010)\include\xnamath.h(1965). 
     1>c:\program files (x86)\microsoft directx sdk (june 2010)\include\xnamathconvert.inl(2179): warning C28251: Inconsistent annotation for 'XMLoadXDecN4': this instance has no annotations. See c:\program files (x86)\microsoft directx sdk (june 2010)\include\xnamath.h(1968). 
     1>c:\program files (x86)\microsoft directx sdk (june 2010)\include\xnamathconvert.inl(2224): warning C28251: Inconsistent annotation for 'XMLoadXDec4': this instance has no annotations. See c:\program files (x86)\microsoft directx sdk (june 2010)\include\xnamath.h(1969). 
     1>c:\program files (x86)\microsoft directx sdk (june 2010)\include\xnamathconvert.inl(2276): warning C28251: Inconsistent annotation for 'XMLoadUDecN4': this instance has no annotations. See c:\program files (x86)\microsoft directx sdk (june 2010)\include\xnamath.h(1972). 
     1>c:\program files (x86)\microsoft directx sdk (june 2010)\include\xnamathconvert.inl(2320): warning C28251: Inconsistent annotation for 'XMLoadUDec4': this instance has no annotations. See c:\program files (x86)\microsoft directx sdk (june 2010)\include\xnamath.h(1973). 
     1>c:\program files (x86)\microsoft directx sdk (june 2010)\include\xnamathconvert.inl(2363): warning C28251: Inconsistent annotation for 'XMLoadDecN4': this instance has no annotations. See c:\program files (x86)\microsoft directx sdk (june 2010)\include\xnamath.h(1970). 
     1>c:\program files (x86)\microsoft directx sdk (june 2010)\include\xnamathconvert.inl(2418): warning C28251: Inconsistent annotation for 'XMLoadDec4': this instance has no annotations. See c:\program files (x86)\microsoft directx sdk (june 2010)\include\xnamath.h(1971). 
     1>c:\program files (x86)\microsoft directx sdk (june 2010)\include\xnamathconvert.inl(2472): warning C28251: Inconsistent annotation for 'XMLoadUByteN4': this instance has no annotations. See c:\program files (x86)\microsoft directx sdk (june 2010)\include\xnamath.h(1976). 
     1>c:\program files (x86)\microsoft directx sdk (june 2010)\include\xnamathconvert.inl(2512): warning C28251: Inconsistent annotation for 'XMLoadUByte4': this instance has no annotations. See c:\program files (x86)\microsoft directx sdk (june 2010)\include\xnamath.h(1977). 
     1>c:\program files (x86)\microsoft directx sdk (june 2010)\include\xnamathconvert.inl(2552): warning C28251: Inconsistent annotation for 'XMLoadByteN4': this instance has no annotations. See c:\program files (x86)\microsoft directx sdk (june 2010)\include\xnamath.h(1974). 
     1>c:\program files (x86)\microsoft directx sdk (june 2010)\include\xnamathconvert.inl(2600): warning C28251: Inconsistent annotation for 'XMLoadByte4': this instance has no annotations. See c:\program files (x86)\microsoft directx sdk (june 2010)\include\xnamath.h(1975). 
     1>c:\program files (x86)\microsoft directx sdk (june 2010)\include\xnamathconvert.inl(2648): warning C28251: Inconsistent annotation for 'XMLoadUNibble4': this instance has no annotations. See c:\program files (x86)\microsoft directx sdk (june 2010)\include\xnamath.h(1978). 
     1>c:\program files (x86)\microsoft directx sdk (june 2010)\include\xnamathconvert.inl(2687): warning C28251: Inconsistent annotation for 'XMLoadU555': this instance has no annotations. See c:\program files (x86)\microsoft directx sdk (june 2010)\include\xnamath.h(1979). 
     1>c:\program files (x86)\microsoft directx sdk (june 2010)\include\xnamathconvert.inl(2726): warning C28251: Inconsistent annotation for 'XMLoadColor': this instance has no annotations. See c:\program files (x86)\microsoft directx sdk (june 2010)\include\xnamath.h(1980). 
     1>c:\program files (x86)\microsoft directx sdk (june 2010)\include\xnamathconvert.inl(2765): warning C28251: Inconsistent annotation for 'XMLoadFloat3x3': this instance has no annotations. See c:\program files (x86)\microsoft directx sdk (june 2010)\include\xnamath.h(1982). 
     1>c:\program files (x86)\microsoft directx sdk (june 2010)\include\xnamathconvert.inl(2828): warning C28251: Inconsistent annotation for 'XMLoadFloat4x3': this instance has no annotations. See c:\program files (x86)\microsoft directx sdk (june 2010)\include\xnamath.h(1983). 
     1>c:\program files (x86)\microsoft directx sdk (june 2010)\include\xnamathconvert.inl(2896): warning C28251: Inconsistent annotation for 'XMLoadFloat4x3A': this instance has no annotations. See c:\program files (x86)\microsoft directx sdk (june 2010)\include\xnamath.h(1984). 
     1>c:\program files (x86)\microsoft directx sdk (june 2010)\include\xnamathconvert.inl(2967): warning C28251: Inconsistent annotation for 'XMLoadFloat4x4': this instance has no annotations. See c:\program files (x86)\microsoft directx sdk (june 2010)\include\xnamath.h(1985). 
     1>c:\program files (x86)\microsoft directx sdk (june 2010)\include\xnamathconvert.inl(3014): warning C28251: Inconsistent annotation for 'XMLoadFloat4x4A': this instance has no annotations. See c:\program files (x86)\microsoft directx sdk (june 2010)\include\xnamath.h(1986). 
     1>c:\program files (x86)\microsoft directx sdk (june 2010)\include\xnamathconvert.inl(3069): warning C28251: Inconsistent annotation for 'XMStoreInt': this instance has no annotations. See c:\program files (x86)\microsoft directx sdk (june 2010)\include\xnamath.h(1994). 
     1>c:\program files (x86)\microsoft directx sdk (june 2010)\include\xnamathconvert.inl(3093): warning C28251: Inconsistent annotation for 'XMStoreFloat': this instance has no annotations. See c:\program files (x86)\microsoft directx sdk (june 2010)\include\xnamath.h(1995). 
     1>c:\program files (x86)\microsoft directx sdk (june 2010)\include\xnamathconvert.inl(3117): warning C28251: Inconsistent annotation for 'XMStoreInt2': this instance has no annotations. See c:\program files (x86)\microsoft directx sdk (june 2010)\include\xnamath.h(1997). 
     1>c:\program files (x86)\microsoft directx sdk (june 2010)\include\xnamathconvert.inl(3144): warning C28251: Inconsistent annotation for 'XMStoreInt2A': this instance has no annotations. See c:\program files (x86)\microsoft directx sdk (june 2010)\include\xnamath.h(1998). 
     1>c:\program files (x86)\microsoft directx sdk (june 2010)\include\xnamathconvert.inl(3171): warning C28251: Inconsistent annotation for 'XMStoreFloat2': this instance has no annotations. See c:\program files (x86)\microsoft directx sdk (june 2010)\include\xnamath.h(1999). 
     1>c:\program files (x86)\microsoft directx sdk (june 2010)\include\xnamathconvert.inl(3198): warning C28251: Inconsistent annotation for 'XMStoreFloat2A': this instance has no annotations. See c:\program files (x86)\microsoft directx sdk (june 2010)\include\xnamath.h(2000). 
     1>c:\program files (x86)\microsoft directx sdk (june 2010)\include\xnamathconvert.inl(3225): warning C28251: Inconsistent annotation for 'XMStoreHalf2': this instance has no annotations. See c:\program files (x86)\microsoft directx sdk (june 2010)\include\xnamath.h(2001). 
     1>c:\program files (x86)\microsoft directx sdk (june 2010)\include\xnamathconvert.inl(3248): warning C28251: Inconsistent annotation for 'XMStoreShortN2': this instance has no annotations. See c:\program files (x86)\microsoft directx sdk (june 2010)\include\xnamath.h(2002). 
     1>c:\program files (x86)\microsoft directx sdk (june 2010)\include\xnamathconvert.inl(3284): warning C28251: Inconsistent annotation for 'XMStoreShort2': this instance has no annotations. See c:\program files (x86)\microsoft directx sdk (june 2010)\include\xnamath.h(2003). 
     1>c:\program files (x86)\microsoft directx sdk (june 2010)\include\xnamathconvert.inl(3322): warning C28251: Inconsistent annotation for 'XMStoreUShortN2': this instance has no annotations. See c:\program files (x86)\microsoft directx sdk (june 2010)\include\xnamath.h(2004). 
     1>c:\program files (x86)\microsoft directx sdk (june 2010)\include\xnamathconvert.inl(3361): warning C28251: Inconsistent annotation for 'XMStoreUShort2': this instance has no annotations. See c:\program files (x86)\microsoft directx sdk (june 2010)\include\xnamath.h(2005). 
     1>c:\program files (x86)\microsoft directx sdk (june 2010)\include\xnamathconvert.inl(3398): warning C28251: Inconsistent annotation for 'XMStoreInt3': this instance has no annotations. See c:\program files (x86)\microsoft directx sdk (june 2010)\include\xnamath.h(2007). 
     1>c:\program files (x86)\microsoft directx sdk (june 2010)\include\xnamathconvert.inl(3430): warning C28251: Inconsistent annotation for 'XMStoreInt3A': this instance has no annotations. See c:\program files (x86)\microsoft directx sdk (june 2010)\include\xnamath.h(2008). 
     1>c:\program files (x86)\microsoft directx sdk (june 2010)\include\xnamathconvert.inl(3460): warning C28251: Inconsistent annotation for 'XMStoreFloat3': this instance has no annotations. See c:\program files (x86)\microsoft directx sdk (june 2010)\include\xnamath.h(2009). 
     1>c:\program files (x86)\microsoft directx sdk (june 2010)\include\xnamathconvert.inl(3492): warning C28251: Inconsistent annotation for 'XMStoreFloat3A': this instance has no annotations. See c:\program files (x86)\microsoft directx sdk (june 2010)\include\xnamath.h(2010). 
     1>c:\program files (x86)\microsoft directx sdk (june 2010)\include\xnamathconvert.inl(3522): warning C28251: Inconsistent annotation for 'XMStoreUHenDN3': this instance has no annotations. See c:\program files (x86)\microsoft directx sdk (june 2010)\include\xnamath.h(2013). 
     1>c:\program files (x86)\microsoft directx sdk (june 2010)\include\xnamathconvert.inl(3572): warning C28251: Inconsistent annotation for 'XMStoreUHenD3': this instance has no annotations. See c:\program files (x86)\microsoft directx sdk (june 2010)\include\xnamath.h(2014). 
     1>c:\program files (x86)\microsoft directx sdk (june 2010)\include\xnamathconvert.inl(3622): warning C28251: Inconsistent annotation for 'XMStoreHenDN3': this instance has no annotations. See c:\program files (x86)\microsoft directx sdk (june 2010)\include\xnamath.h(2011). 
     1>c:\program files (x86)\microsoft directx sdk (june 2010)\include\xnamathconvert.inl(3666): warning C28251: Inconsistent annotation for 'XMStoreHenD3': this instance has no annotations. See c:\program files (x86)\microsoft directx sdk (june 2010)\include\xnamath.h(2012). 
     1>c:\program files (x86)\microsoft directx sdk (june 2010)\include\xnamathconvert.inl(3712): warning C28251: Inconsistent annotation for 'XMStoreUDHenN3': this instance has no annotations. See c:\program files (x86)\microsoft directx sdk (june 2010)\include\xnamath.h(2017). 
     1>c:\program files (x86)\microsoft directx sdk (june 2010)\include\xnamathconvert.inl(3762): warning C28251: Inconsistent annotation for 'XMStoreUDHen3': this instance has no annotations. See c:\program files (x86)\microsoft directx sdk (june 2010)\include\xnamath.h(2018). 
     1>c:\program files (x86)\microsoft directx sdk (june 2010)\include\xnamathconvert.inl(3812): warning C28251: Inconsistent annotation for 'XMStoreDHenN3': this instance has no annotations. See c:\program files (x86)\microsoft directx sdk (june 2010)\include\xnamath.h(2015). 
     1>c:\program files (x86)\microsoft directx sdk (june 2010)\include\xnamathconvert.inl(3856): warning C28251: Inconsistent annotation for 'XMStoreDHen3': this instance has no annotations. See c:\program files (x86)\microsoft directx sdk (june 2010)\include\xnamath.h(2016). 
     1>c:\program files (x86)\microsoft directx sdk (june 2010)\include\xnamathconvert.inl(3902): warning C28251: Inconsistent annotation for 'XMStoreU565': this instance has no annotations. See c:\program files (x86)\microsoft directx sdk (june 2010)\include\xnamath.h(2019). 
     1>c:\program files (x86)\microsoft directx sdk (june 2010)\include\xnamathconvert.inl(3940): warning C28251: Inconsistent annotation for 'XMStoreFloat3PK': this instance has no annotations. See c:\program files (x86)\microsoft directx sdk (june 2010)\include\xnamath.h(2020). 
     1>c:\program files (x86)\microsoft directx sdk (june 2010)\include\xnamathconvert.inl(4058): warning C28251: Inconsistent annotation for 'XMStoreFloat3SE': this instance has no annotations. See c:\program files (x86)\microsoft directx sdk (june 2010)\include\xnamath.h(2021). 
     1>c:\program files (x86)\microsoft directx sdk (june 2010)\include\xnamathconvert.inl(4143): warning C28251: Inconsistent annotation for 'XMStoreInt4': this instance has no annotations. See c:\program files (x86)\microsoft directx sdk (june 2010)\include\xnamath.h(2023). 
     1>c:\program files (x86)\microsoft directx sdk (june 2010)\include\xnamathconvert.inl(4169): warning C28251: Inconsistent annotation for 'XMStoreInt4A': this instance has no annotations. See c:\program files (x86)\microsoft directx sdk (june 2010)\include\xnamath.h(2024). 
     1>c:\program files (x86)\microsoft directx sdk (june 2010)\include\xnamathconvert.inl(4197): warning C28251: Inconsistent annotation for 'XMStoreInt4NC': this instance has no annotations. See c:\program files (x86)\microsoft directx sdk (june 2010)\include\xnamath.h(2025). 
     1>c:\program files (x86)\microsoft directx sdk (june 2010)\include\xnamathconvert.inl(4209): warning C6386: Buffer overrun while writing to 'pDestination':  the writable size is '1*4' bytes, but '8' bytes might be written.
     1>c:\program files (x86)\microsoft directx sdk (june 2010)\include\xnamathconvert.inl(4225): warning C28251: Inconsistent annotation for 'XMStoreFloat4': this instance has no annotations. See c:\program files (x86)\microsoft directx sdk (june 2010)\include\xnamath.h(2026). 
     1>c:\program files (x86)\microsoft directx sdk (june 2010)\include\xnamathconvert.inl(4251): warning C28251: Inconsistent annotation for 'XMStoreFloat4A': this instance has no annotations. See c:\program files (x86)\microsoft directx sdk (june 2010)\include\xnamath.h(2027). 
     1>c:\program files (x86)\microsoft directx sdk (june 2010)\include\xnamathconvert.inl(4278): warning C28251: Inconsistent annotation for 'XMStoreFloat4NC': this instance has no annotations. See c:\program files (x86)\microsoft directx sdk (june 2010)\include\xnamath.h(2028). 
     1>c:\program files (x86)\microsoft directx sdk (june 2010)\include\xnamathconvert.inl(4306): warning C28251: Inconsistent annotation for 'XMStoreHalf4': this instance has no annotations. See c:\program files (x86)\microsoft directx sdk (june 2010)\include\xnamath.h(2029). 
     1>c:\program files (x86)\microsoft directx sdk (june 2010)\include\xnamathconvert.inl(4333): warning C28251: Inconsistent annotation for 'XMStoreShortN4': this instance has no annotations. See c:\program files (x86)\microsoft directx sdk (june 2010)\include\xnamath.h(2030). 
     1>c:\program files (x86)\microsoft directx sdk (june 2010)\include\xnamathconvert.inl(4371): warning C28251: Inconsistent annotation for 'XMStoreShort4': this instance has no annotations. See c:\program files (x86)\microsoft directx sdk (june 2010)\include\xnamath.h(2031). 
     1>c:\program files (x86)\microsoft directx sdk (june 2010)\include\xnamathconvert.inl(4411): warning C28251: Inconsistent annotation for 'XMStoreUShortN4': this instance has no annotations. See c:\program files (x86)\microsoft directx sdk (june 2010)\include\xnamath.h(2032). 
     1>c:\program files (x86)\microsoft directx sdk (june 2010)\include\xnamathconvert.inl(4454): warning C28251: Inconsistent annotation for 'XMStoreUShort4': this instance has no annotations. See c:\program files (x86)\microsoft directx sdk (june 2010)\include\xnamath.h(2033). 
     1>c:\program files (x86)\microsoft directx sdk (june 2010)\include\xnamathconvert.inl(4495): warning C28251: Inconsistent annotation for 'XMStoreXIcoN4': this instance has no annotations. See c:\program files (x86)\microsoft directx sdk (june 2010)\include\xnamath.h(2034). 
     1>c:\program files (x86)\microsoft directx sdk (june 2010)\include\xnamathconvert.inl(4552): warning C28251: Inconsistent annotation for 'XMStoreXIco4': this instance has no annotations. See c:\program files (x86)\microsoft directx sdk (june 2010)\include\xnamath.h(2035). 
     1>c:\program files (x86)\microsoft directx sdk (june 2010)\include\xnamathconvert.inl(4605): warning C28251: Inconsistent annotation for 'XMStoreUIcoN4': this instance has no annotations. See c:\program files (x86)\microsoft directx sdk (june 2010)\include\xnamath.h(2038). 
     1>c:\program files (x86)\microsoft directx sdk (june 2010)\include\xnamathconvert.inl(4677): warning C28251: Inconsistent annotation for 'XMStoreUIco4': this instance has no annotations. See c:\program files (x86)\microsoft directx sdk (june 2010)\include\xnamath.h(2039). 
     1>c:\program files (x86)\microsoft directx sdk (june 2010)\include\xnamathconvert.inl(4738): warning C28251: Inconsistent annotation for 'XMStoreIcoN4': this instance has no annotations. See c:\program files (x86)\microsoft directx sdk (june 2010)\include\xnamath.h(2036). 
     1>c:\program files (x86)\microsoft directx sdk (june 2010)\include\xnamathconvert.inl(4800): warning C28251: Inconsistent annotation for 'XMStoreIco4': this instance has no annotations. See c:\program files (x86)\microsoft directx sdk (june 2010)\include\xnamath.h(2037). 
     1>c:\program files (x86)\microsoft directx sdk (june 2010)\include\xnamathconvert.inl(4860): warning C28251: Inconsistent annotation for 'XMStoreXDecN4': this instance has no annotations. See c:\program files (x86)\microsoft directx sdk (june 2010)\include\xnamath.h(2040). 
     1>c:\program files (x86)\microsoft directx sdk (june 2010)\include\xnamathconvert.inl(4913): warning C28251: Inconsistent annotation for 'XMStoreXDec4': this instance has no annotations. See c:\program files (x86)\microsoft directx sdk (june 2010)\include\xnamath.h(2041). 
     1>c:\program files (x86)\microsoft directx sdk (june 2010)\include\xnamathconvert.inl(4966): warning C28251: Inconsistent annotation for 'XMStoreUDecN4': this instance has no annotations. See c:\program files (x86)\microsoft directx sdk (june 2010)\include\xnamath.h(2044). 
     1>c:\program files (x86)\microsoft directx sdk (june 2010)\include\xnamathconvert.inl(5017): warning C28251: Inconsistent annotation for 'XMStoreUDec4': this instance has no annotations. See c:\program files (x86)\microsoft directx sdk (june 2010)\include\xnamath.h(2045). 
     1>c:\program files (x86)\microsoft directx sdk (june 2010)\include\xnamathconvert.inl(5068): warning C28251: Inconsistent annotation for 'XMStoreDecN4': this instance has no annotations. See c:\program files (x86)\microsoft directx sdk (june 2010)\include\xnamath.h(2042). 
     1>c:\program files (x86)\microsoft directx sdk (june 2010)\include\xnamathconvert.inl(5117): warning C28251: Inconsistent annotation for 'XMStoreDec4': this instance has no annotations. See c:\program files (x86)\microsoft directx sdk (june 2010)\include\xnamath.h(2043). 
     1>c:\program files (x86)\microsoft directx sdk (june 2010)\include\xnamathconvert.inl(5168): warning C28251: Inconsistent annotation for 'XMStoreUByteN4': this instance has no annotations. See c:\program files (x86)\microsoft directx sdk (june 2010)\include\xnamath.h(2048). 
     1>c:\program files (x86)\microsoft directx sdk (june 2010)\include\xnamathconvert.inl(5220): warning C28251: Inconsistent annotation for 'XMStoreUByte4': this instance has no annotations. See c:\program files (x86)\microsoft directx sdk (june 2010)\include\xnamath.h(2049). 
     1>c:\program files (x86)\microsoft directx sdk (june 2010)\include\xnamathconvert.inl(5272): warning C28251: Inconsistent annotation for 'XMStoreByteN4': this instance has no annotations. See c:\program files (x86)\microsoft directx sdk (june 2010)\include\xnamath.h(2046). 
     1>c:\program files (x86)\microsoft directx sdk (june 2010)\include\xnamathconvert.inl(5321): warning C28251: Inconsistent annotation for 'XMStoreByte4': this instance has no annotations. See c:\program files (x86)\microsoft directx sdk (june 2010)\include\xnamath.h(2047). 
     1>c:\program files (x86)\microsoft directx sdk (june 2010)\include\xnamathconvert.inl(5373): warning C28251: Inconsistent annotation for 'XMStoreUNibble4': this instance has no annotations. See c:\program files (x86)\microsoft directx sdk (june 2010)\include\xnamath.h(2050). 
     1>c:\program files (x86)\microsoft directx sdk (june 2010)\include\xnamathconvert.inl(5414): warning C28251: Inconsistent annotation for 'XMStoreU555': this instance has no annotations. See c:\program files (x86)\microsoft directx sdk (june 2010)\include\xnamath.h(2051). 
     1>c:\program files (x86)\microsoft directx sdk (june 2010)\include\xnamathconvert.inl(5454): warning C28251: Inconsistent annotation for 'XMStoreColor': this instance has no annotations. See c:\program files (x86)\microsoft directx sdk (june 2010)\include\xnamath.h(2052). 
     1>c:\program files (x86)\microsoft directx sdk (june 2010)\include\xnamathconvert.inl(5501): warning C28251: Inconsistent annotation for 'XMStoreFloat3x3': this instance has no annotations. See c:\program files (x86)\microsoft directx sdk (june 2010)\include\xnamath.h(2054). 
     1>c:\program files (x86)\microsoft directx sdk (june 2010)\include\xnamathconvert.inl(5517): warning C28251: Inconsistent annotation for 'XMStoreFloat3x3NC': this instance has no annotations. See c:\program files (x86)\microsoft directx sdk (june 2010)\include\xnamath.h(2055). 
     1>c:\program files (x86)\microsoft directx sdk (june 2010)\include\xnamathconvert.inl(5557): warning C28251: Inconsistent annotation for 'XMStoreFloat4x3': this instance has no annotations. See c:\program files (x86)\microsoft directx sdk (june 2010)\include\xnamath.h(2056). 
     1>c:\program files (x86)\microsoft directx sdk (june 2010)\include\xnamathconvert.inl(5573): warning C28251: Inconsistent annotation for 'XMStoreFloat4x3A': this instance has no annotations. See c:\program files (x86)\microsoft directx sdk (june 2010)\include\xnamath.h(2057). 
     1>c:\program files (x86)\microsoft directx sdk (june 2010)\include\xnamathconvert.inl(5631): warning C28251: Inconsistent annotation for 'XMStoreFloat4x3NC': this instance has no annotations. See c:\program files (x86)\microsoft directx sdk (june 2010)\include\xnamath.h(2058). 
     1>c:\program files (x86)\microsoft directx sdk (june 2010)\include\xnamathconvert.inl(5677): warning C28251: Inconsistent annotation for 'XMStoreFloat4x4': this instance has no annotations. See c:\program files (x86)\microsoft directx sdk (june 2010)\include\xnamath.h(2059). 
     1>c:\program files (x86)\microsoft directx sdk (june 2010)\include\xnamathconvert.inl(5700): warning C28251: Inconsistent annotation for 'XMStoreFloat4x4A': this instance has no annotations. See c:\program files (x86)\microsoft directx sdk (june 2010)\include\xnamath.h(2060). 
     1>c:\program files (x86)\microsoft directx sdk (june 2010)\include\xnamathconvert.inl(5744): warning C28251: Inconsistent annotation for 'XMStoreFloat4x4NC': this instance has no annotations. See c:\program files (x86)\microsoft directx sdk (june 2010)\include\xnamath.h(2061). 
     1>c:\program files (x86)\microsoft directx sdk (june 2010)\include\xnamathvector.inl(106): warning C28251: Inconsistent annotation for 'XMVectorReplicatePtr': this instance has no annotations. See c:\program files (x86)\microsoft directx sdk (june 2010)\include\xnamath.h(2073). 
     1>c:\program files (x86)\microsoft directx sdk (june 2010)\include\xnamathvector.inl(140): warning C28251: Inconsistent annotation for 'XMVectorReplicateIntPtr': this instance has no annotations. See c:\program files (x86)\microsoft directx sdk (june 2010)\include\xnamath.h(2075). 
     1>c:\program files (x86)\microsoft directx sdk (june 2010)\include\xnamathvector.inl(434): warning C28251: Inconsistent annotation for 'XMVectorGetByIndexPtr': this instance has no annotations. See c:\program files (x86)\microsoft directx sdk (june 2010)\include\xnamath.h(2094). 
     1>c:\program files (x86)\microsoft directx sdk (june 2010)\include\xnamathvector.inl(449): warning C28251: Inconsistent annotation for 'XMVectorGetXPtr': this instance has no annotations. See c:\program files (x86)\microsoft directx sdk (june 2010)\include\xnamath.h(2095). 
     1>c:\program files (x86)\microsoft directx sdk (june 2010)\include\xnamathvector.inl(461): warning C28251: Inconsistent annotation for 'XMVectorGetYPtr': this instance has no annotations. See c:\program files (x86)\microsoft directx sdk (june 2010)\include\xnamath.h(2096). 
     1>c:\program files (x86)\microsoft directx sdk (june 2010)\include\xnamathvector.inl(474): warning C28251: Inconsistent annotation for 'XMVectorGetZPtr': this instance has no annotations. See c:\program files (x86)\microsoft directx sdk (june 2010)\include\xnamath.h(2097). 
     1>c:\program files (x86)\microsoft directx sdk (june 2010)\include\xnamathvector.inl(487): warning C28251: Inconsistent annotation for 'XMVectorGetWPtr': this instance has no annotations. See c:\program files (x86)\microsoft directx sdk (june 2010)\include\xnamath.h(2098). 
     1>c:\program files (x86)\microsoft directx sdk (june 2010)\include\xnamathvector.inl(577): warning C28251: Inconsistent annotation for 'XMVectorGetIntByIndexPtr': this instance has no annotations. See c:\program files (x86)\microsoft directx sdk (june 2010)\include\xnamath.h(2106). 
     1>c:\program files (x86)\microsoft directx sdk (june 2010)\include\xnamathvector.inl(598): warning C28251: Inconsistent annotation for 'XMVectorGetIntXPtr': this instance has no annotations. See c:\program files (x86)\microsoft directx sdk (june 2010)\include\xnamath.h(2107). 
     1>c:\program files (x86)\microsoft directx sdk (june 2010)\include\xnamathvector.inl(610): warning C28251: Inconsistent annotation for 'XMVectorGetIntYPtr': this instance has no annotations. See c:\program files (x86)\microsoft directx sdk (june 2010)\include\xnamath.h(2108). 
     1>c:\program files (x86)\microsoft directx sdk (june 2010)\include\xnamathvector.inl(623): warning C28251: Inconsistent annotation for 'XMVectorGetIntZPtr': this instance has no annotations. See c:\program files (x86)\microsoft directx sdk (june 2010)\include\xnamath.h(2109). 
     1>c:\program files (x86)\microsoft directx sdk (june 2010)\include\xnamathvector.inl(636): warning C28251: Inconsistent annotation for 'XMVectorGetIntWPtr': this instance has no annotations. See c:\program files (x86)\microsoft directx sdk (june 2010)\include\xnamath.h(2110). 
     1>c:\program files (x86)\microsoft directx sdk (june 2010)\include\xnamathvector.inl(792): warning C28251: Inconsistent annotation for 'XMVectorSetByIndexPtr': this instance has no annotations. See c:\program files (x86)\microsoft directx sdk (june 2010)\include\xnamath.h(2118). 
     1>c:\program files (x86)\microsoft directx sdk (june 2010)\include\xnamathvector.inl(814): warning C28251: Inconsistent annotation for 'XMVectorSetXPtr': this instance has no annotations. See c:\program files (x86)\microsoft directx sdk (june 2010)\include\xnamath.h(2119). 
     1>c:\program files (x86)\microsoft directx sdk (june 2010)\include\xnamathvector.inl(834): warning C28251: Inconsistent annotation for 'XMVectorSetYPtr': this instance has no annotations. See c:\program files (x86)\microsoft directx sdk (june 2010)\include\xnamath.h(2120). 
     1>c:\program files (x86)\microsoft directx sdk (june 2010)\include\xnamathvector.inl(860): warning C28251: Inconsistent annotation for 'XMVectorSetZPtr': this instance has no annotations. See c:\program files (x86)\microsoft directx sdk (june 2010)\include\xnamath.h(2121). 
     1>c:\program files (x86)\microsoft directx sdk (june 2010)\include\xnamathvector.inl(886): warning C28251: Inconsistent annotation for 'XMVectorSetWPtr': this instance has no annotations. See c:\program files (x86)\microsoft directx sdk (june 2010)\include\xnamath.h(2122). 
     1>c:\program files (x86)\microsoft directx sdk (june 2010)\include\xnamathvector.inl(1056): warning C28251: Inconsistent annotation for 'XMVectorSetIntByIndexPtr': this instance has no annotations. See c:\program files (x86)\microsoft directx sdk (june 2010)\include\xnamath.h(2130). 
     1>c:\program files (x86)\microsoft directx sdk (june 2010)\include\xnamathvector.inl(1079): warning C28251: Inconsistent annotation for 'XMVectorSetIntXPtr': this instance has no annotations. See c:\program files (x86)\microsoft directx sdk (june 2010)\include\xnamath.h(2131). 
     1>c:\program files (x86)\microsoft directx sdk (june 2010)\include\xnamathvector.inl(1099): warning C28251: Inconsistent annotation for 'XMVectorSetIntYPtr': this instance has no annotations. See c:\program files (x86)\microsoft directx sdk (june 2010)\include\xnamath.h(2132). 
     1>c:\program files (x86)\microsoft directx sdk (june 2010)\include\xnamathvector.inl(1125): warning C28251: Inconsistent annotation for 'XMVectorSetIntZPtr': this instance has no annotations. See c:\program files (x86)\microsoft directx sdk (june 2010)\include\xnamath.h(2133). 
     1>c:\program files (x86)\microsoft directx sdk (june 2010)\include\xnamathvector.inl(1151): warning C28251: Inconsistent annotation for 'XMVectorSetIntWPtr': this instance has no annotations. See c:\program files (x86)\microsoft directx sdk (june 2010)\include\xnamath.h(2134). 
     1>c:\program files (x86)\microsoft directx sdk (june 2010)\include\xnamathvector.inl(1454): warning C28251: Inconsistent annotation for 'XMVectorEqualR': this instance has no annotations. See c:\program files (x86)\microsoft directx sdk (june 2010)\include\xnamath.h(2154). 
     1>c:\program files (x86)\microsoft directx sdk (june 2010)\include\xnamathvector.inl(1541): warning C28251: Inconsistent annotation for 'XMVectorEqualIntR': this instance has no annotations. See c:\program files (x86)\microsoft directx sdk (june 2010)\include\xnamath.h(2156). 
     1>c:\program files (x86)\microsoft directx sdk (june 2010)\include\xnamathvector.inl(1706): warning C28251: Inconsistent annotation for 'XMVectorGreaterR': this instance has no annotations. See c:\program files (x86)\microsoft directx sdk (june 2010)\include\xnamath.h(2161). 
     1>c:\program files (x86)\microsoft directx sdk (june 2010)\include\xnamathvector.inl(1786): warning C28251: Inconsistent annotation for 'XMVectorGreaterOrEqualR': this instance has no annotations. See c:\program files (x86)\microsoft directx sdk (june 2010)\include\xnamath.h(2163). 
     1>c:\program files (x86)\microsoft directx sdk (june 2010)\include\xnamathvector.inl(1920): warning C28251: Inconsistent annotation for 'XMVectorInBoundsR': this instance has no annotations. See c:\program files (x86)\microsoft directx sdk (june 2010)\include\xnamath.h(2167). 
     1>c:\program files (x86)\microsoft directx sdk (june 2010)\include\xnamathvector.inl(3482): warning C28251: Inconsistent annotation for 'XMVectorSinCos': this instance has no annotations. See c:\program files (x86)\microsoft directx sdk (june 2010)\include\xnamath.h(2216). 
     1>c:\program files (x86)\microsoft directx sdk (june 2010)\include\xnamathvector.inl(4673): warning C28251: Inconsistent annotation for 'XMVectorSinCosEst': this instance has no annotations. See c:\program files (x86)\microsoft directx sdk (june 2010)\include\xnamath.h(2217). 
     1>c:\program files (x86)\microsoft directx sdk (june 2010)\include\xnamathvector.inl(7026): warning C28251: Inconsistent annotation for 'XMVector2TransformStream': this instance has no annotations. See c:\program files (x86)\microsoft directx sdk (june 2010)\include\xnamath.h(2290). 
     1>c:\program files (x86)\microsoft directx sdk (june 2010)\include\xnamathvector.inl(7026): warning C6101: Returning uninitialized memory '*pOutputStream'.  A successful path through the function does not set the named _Out_ parameter. 
     1>c:\program files (x86)\microsoft directx sdk (june 2010)\include\xnamathvector.inl(7094): warning C28251: Inconsistent annotation for 'XMVector2TransformStreamNC': this instance has no annotations. See c:\program files (x86)\microsoft directx sdk (june 2010)\include\xnamath.h(2294). 
     1>c:\program files (x86)\microsoft directx sdk (june 2010)\include\xnamathvector.inl(7154): warning C28251: Inconsistent annotation for 'XMVector2TransformCoordStream': this instance has no annotations. See c:\program files (x86)\microsoft directx sdk (june 2010)\include\xnamath.h(2299). 
     1>c:\program files (x86)\microsoft directx sdk (june 2010)\include\xnamathvector.inl(7154): warning C6101: Returning uninitialized memory '*pOutputStream'.  A successful path through the function does not set the named _Out_ parameter. 
     1>c:\program files (x86)\microsoft directx sdk (june 2010)\include\xnamathvector.inl(7263): warning C28251: Inconsistent annotation for 'XMVector2TransformNormalStream': this instance has no annotations. See c:\program files (x86)\microsoft directx sdk (june 2010)\include\xnamath.h(2304). 
     1>c:\program files (x86)\microsoft directx sdk (june 2010)\include\xnamathvector.inl(7263): warning C6101: Returning uninitialized memory '*pOutputStream'.  A successful path through the function does not set the named _Out_ parameter. 
     1>c:\program files (x86)\microsoft directx sdk (june 2010)\include\xnamathvector.inl(8631): warning C28251: Inconsistent annotation for 'XMVector3ComponentsFromNormal': this instance has no annotations. See c:\program files (x86)\microsoft directx sdk (june 2010)\include\xnamath.h(2354). 
     1>c:\program files (x86)\microsoft directx sdk (june 2010)\include\xnamathvector.inl(8778): warning C28251: Inconsistent annotation for 'XMVector3TransformStream': this instance has no annotations. See c:\program files (x86)\microsoft directx sdk (june 2010)\include\xnamath.h(2358). 
     1>c:\program files (x86)\microsoft directx sdk (june 2010)\include\xnamathvector.inl(8778): warning C6101: Returning uninitialized memory '*pOutputStream'.  A successful path through the function does not set the named _Out_ parameter. 
     1>c:\program files (x86)\microsoft directx sdk (june 2010)\include\xnamathvector.inl(8851): warning C28251: Inconsistent annotation for 'XMVector3TransformStreamNC': this instance has no annotations. See c:\program files (x86)\microsoft directx sdk (june 2010)\include\xnamath.h(2362). 
     1>c:\program files (x86)\microsoft directx sdk (june 2010)\include\xnamathvector.inl(8917): warning C28251: Inconsistent annotation for 'XMVector3TransformCoordStream': this instance has no annotations. See c:\program files (x86)\microsoft directx sdk (june 2010)\include\xnamath.h(2367). 
     1>c:\program files (x86)\microsoft directx sdk (june 2010)\include\xnamathvector.inl(8917): warning C6101: Returning uninitialized memory '*pOutputStream'.  A successful path through the function does not set the named _Out_ parameter. 
     1>c:\program files (x86)\microsoft directx sdk (june 2010)\include\xnamathvector.inl(9046): warning C28251: Inconsistent annotation for 'XMVector3TransformNormalStream': this instance has no annotations. See c:\program files (x86)\microsoft directx sdk (june 2010)\include\xnamath.h(2372). 
     1>c:\program files (x86)\microsoft directx sdk (june 2010)\include\xnamathvector.inl(9046): warning C6101: Returning uninitialized memory '*pOutputStream'.  A successful path through the function does not set the named _Out_ parameter. 
     1>c:\program files (x86)\microsoft directx sdk (june 2010)\include\xnamathvector.inl(9197): warning C28251: Inconsistent annotation for 'XMVector3ProjectStream': this instance has no annotations. See c:\program files (x86)\microsoft directx sdk (june 2010)\include\xnamath.h(2378). 
     1>c:\program files (x86)\microsoft directx sdk (june 2010)\include\xnamathvector.inl(9197): warning C6101: Returning uninitialized memory '*pOutputStream'.  A successful path through the function does not set the named _Out_ parameter. 
     1>c:\program files (x86)\microsoft directx sdk (june 2010)\include\xnamathvector.inl(9389): warning C28251: Inconsistent annotation for 'XMVector3UnprojectStream': this instance has no annotations. See c:\program files (x86)\microsoft directx sdk (june 2010)\include\xnamath.h(2386). 
     1>c:\program files (x86)\microsoft directx sdk (june 2010)\include\xnamathvector.inl(9389): warning C6101: Returning uninitialized memory '*pOutputStream'.  A successful path through the function does not set the named _Out_ parameter. 
     1>c:\program files (x86)\microsoft directx sdk (june 2010)\include\xnamathvector.inl(10791): warning C28251: Inconsistent annotation for 'XMVector4TransformStream': this instance has no annotations. See c:\program files (x86)\microsoft directx sdk (june 2010)\include\xnamath.h(2437). 
     1>c:\program files (x86)\microsoft directx sdk (june 2010)\include\xnamathvector.inl(10791): warning C6101: Returning uninitialized memory '*pOutputStream'.  A successful path through the function does not set the named _Out_ parameter. 
     1>c:\program files (x86)\microsoft directx sdk (june 2010)\include\xnamathmatrix.inl(406): warning C28251: Inconsistent annotation for 'XMMatrixInverse': this instance has no annotations. See c:\program files (x86)\microsoft directx sdk (june 2010)\include\xnamath.h(2455). 
     1>c:\program files (x86)\microsoft directx sdk (june 2010)\include\xnamathmatrix.inl(806): warning C28251: Inconsistent annotation for 'XMMatrixDecompose': this instance has no annotations. See c:\program files (x86)\microsoft directx sdk (june 2010)\include\xnamath.h(2457). 
     1>c:\program files (x86)\microsoft directx sdk (june 2010)\include\xnamathmatrix.inl(806): warning C6101: Returning uninitialized memory '*outRotQuat'.  A successful path through the function does not set the named _Out_ parameter. Annotate this function with _Success_(return) if returning FALSE indicates failure.
     1>c:\program files (x86)\microsoft directx sdk (june 2010)\include\xnamathmisc.inl(613): warning C28251: Inconsistent annotation for 'XMQuaternionSquadSetup': this instance has no annotations. See c:\program files (x86)\microsoft directx sdk (june 2010)\include\xnamath.h(2528). 
     1>c:\program files (x86)\microsoft directx sdk (june 2010)\include\xnamathmisc.inl(1040): warning C28251: Inconsistent annotation for 'XMQuaternionToAxisAngle': this instance has no annotations. See c:\program files (x86)\microsoft directx sdk (june 2010)\include\xnamath.h(2539). 
     1>c:\program files (x86)\microsoft directx sdk (june 2010)\include\xnamathmisc.inl(1347): warning C28251: Inconsistent annotation for 'XMPlaneIntersectPlane': this instance has no annotations. See c:\program files (x86)\microsoft directx sdk (june 2010)\include\xnamath.h(2560). 
     1>c:\program files (x86)\microsoft directx sdk (june 2010)\include\xnamathmisc.inl(1481): warning C28251: Inconsistent annotation for 'XMPlaneTransformStream': this instance has no annotations. See c:\program files (x86)\microsoft directx sdk (june 2010)\include\xnamath.h(2562). 
     1>c:\program files (x86)\microsoft directx sdk (june 2010)\include\xnamathmisc.inl(1833): warning C28251: Inconsistent annotation for 'XMAssert': this instance has no annotations. See c:\program files (x86)\microsoft directx sdk (june 2010)\include\xnamath.h(2599). 
     1>c:\program files (x86)\microsoft directx sdk (june 2010)\include\xnamathmisc.inl(2099): warning C28251: Inconsistent annotation for 'XMScalarSinCos': this instance has no annotations. See c:\program files (x86)\microsoft directx sdk (june 2010)\include\xnamath.h(2607). 
     1>c:\program files (x86)\microsoft directx sdk (june 2010)\include\xnamathmisc.inl(2319): warning C28251: Inconsistent annotation for 'XMScalarSinCosEst': this instance has no annotations. See c:\program files (x86)\microsoft directx sdk (june 2010)\include\xnamath.h(2612). 
     1>d:\github\helios\helios_source\helios\engine\shapes\shape.cpp(136): warning C6385: Reading invalid data from '_vertices':  the readable size is '_Old_6`sizeof(WORD)*_verticesCount' bytes, but '64' bytes may be read.
     1>d:\github\helios\helios_source\helios\helios.cpp(46): warning C28251: Inconsistent annotation for 'wWinMain': this instance has no annotations. See c:\program files (x86)\windows kits\8.1\include\um\winbase.h(918). 
     1>Done Building Project "d:\GitHub\Helios\Helios_source\Helios\Helios.vcxproj" (Rebuild target(s)).

Build succeeded.

Time Elapsed 00:06:25.13
