d:\github\helios\helios_source\helios\intermediate\debug\vc120.pdb
d:\github\helios\helios_source\helios\intermediate\debug\vc120.idb
d:\github\helios\helios_source\helios\intermediate\debug\ui.obj
d:\github\helios\helios_source\helios\intermediate\debug\camera.obj
d:\github\helios\helios_source\helios\intermediate\debug\entity.obj
d:\github\helios\helios_source\helios\intermediate\debug\game.obj
d:\github\helios\helios_source\helios\intermediate\debug\galaxy.obj
d:\github\helios\helios_source\helios\intermediate\debug\space.obj
d:\github\helios\helios_source\helios\intermediate\debug\starsystem.obj
d:\github\helios\helios_source\helios\intermediate\debug\objecttype.obj
d:\github\helios\helios_source\helios\intermediate\debug\typesbank.obj
d:\github\helios\helios_source\helios\intermediate\debug\orbitertype.obj
d:\github\helios\helios_source\helios\intermediate\debug\startype.obj
d:\github\helios\helios_source\helios\intermediate\debug\orbiter.obj
d:\github\helios\helios_source\helios\intermediate\debug\orbitersimulation.obj
d:\github\helios\helios_source\helios\intermediate\debug\plainsimulation.obj
d:\github\helios\helios_source\helios\intermediate\debug\starsimulation.obj
d:\github\helios\helios_source\helios\intermediate\debug\starsystemsimulation.obj
d:\github\helios\helios_source\helios\intermediate\debug\spaceobjectbase.obj
d:\github\helios\helios_source\helios\intermediate\debug\star.obj
d:\github\helios\helios_source\helios\intermediate\debug\helios.obj
d:\github\helios\helios_source\helios\intermediate\debug\test.obj
d:\github\helios\helios_source\helios\intermediate\debug\taskmanager.obj
d:\github\helios\helios_source\helios\intermediate\debug\drawtask.obj
d:\github\helios\helios_source\helios\intermediate\debug\dx11draw.obj
d:\github\helios\helios_source\helios\intermediate\debug\rendermanager.obj
d:\github\helios\helios_source\helios\intermediate\debug\renderobject.obj
d:\github\helios\helios_source\helios\intermediate\debug\engine.obj
d:\github\helios\helios_source\helios\intermediate\debug\ecamera.obj
d:\github\helios\helios_source\helios\intermediate\debug\fileserver.obj
d:\github\helios\helios_source\helios\intermediate\debug\paramitem.obj
d:\github\helios\helios_source\helios\intermediate\debug\igame.obj
d:\github\helios\helios_source\helios\intermediate\debug\shader.obj
d:\github\helios\helios_source\helios\intermediate\debug\shadersbank.obj
d:\github\helios\helios_source\helios\intermediate\debug\shape.obj
d:\github\helios\helios_source\helios\intermediate\debug\shapesbank.obj
d:\github\helios\helios_source\helios\intermediate\debug\texture.obj
d:\github\helios\helios_source\helios\intermediate\debug\texturesbank.obj
d:\github\helios\helios_source\heliosbuild\gamedata\fx\planet.fx
d:\github\helios\helios_source\heliosbuild\gamedata\fx\line.fx
d:\github\helios\helios_source\heliosbuild\gamedata\configs\core.hcf
d:\github\helios\helios_source\heliosbuild\gamedata\configs\space.hcf
d:\github\helios\helios_source\heliosbuild\gamedata\configs\planets.hcf
d:\github\helios\helios_source\heliosbuild\gamedata\configs\stars.hcf
d:\github\helios\helios_source\heliosbuild\gamedata\fx\star.fx
d:\github\helios\helios_source\heliosbuild\gamedata\fx\atmosphere.fx
d:\github\helios\helios_source\heliosbuild\gamedata\configs\typesinfo.hcf
d:\github\helios\helios_source\heliosbuild\gamedata\fx\icon.fx
d:\github\helios\helios_source\heliosbuild\heliso_debug.ilk
d:\github\helios\helios_source\heliosbuild\heliso_debug.exe
d:\github\helios\helios_source\heliosbuild\heliso_debug.pdb
d:\github\helios\helios_source\\heliosbuild\heliso_debug.pdb
d:\github\helios\helios_source\\heliosbuild\heliso_debug.exe
d:\github\helios\helios_source\\heliosbuild\heliso_debug.ilk
d:\github\helios\helios_source\helios\intermediate\debug\helios.tlog\cl.command.1.tlog
d:\github\helios\helios_source\helios\intermediate\debug\helios.tlog\cl.read.1.tlog
d:\github\helios\helios_source\helios\intermediate\debug\helios.tlog\cl.write.1.tlog
d:\github\helios\helios_source\helios\intermediate\debug\helios.tlog\custombuild.command.1.tlog
d:\github\helios\helios_source\helios\intermediate\debug\helios.tlog\custombuild.read.1.tlog
d:\github\helios\helios_source\helios\intermediate\debug\helios.tlog\custombuild.write.1.tlog
d:\github\helios\helios_source\helios\intermediate\debug\helios.tlog\link.command.1.tlog
d:\github\helios\helios_source\helios\intermediate\debug\helios.tlog\link.read.1.tlog
d:\github\helios\helios_source\helios\intermediate\debug\helios.tlog\link.write.1.tlog
